  MyForm.cpp
C:\Users\CCY02\Desktop\workplace\image_processing\image_processing\image_processing\MyForm.h(1491,5): warning C4838: 從 'int' 到 'float' 的轉換必須是縮小轉換
C:\Users\CCY02\Desktop\workplace\image_processing\image_processing\image_processing\MyForm.h(1491,5): warning C4244: '正在初始化': 將 'int' 轉換為 'float'，由於類型不同，可能導致資料遺失
C:\Users\CCY02\Desktop\workplace\image_processing\image_processing\image_processing\MyForm.h(1491,24): warning C4838: 從 'int' 到 'float' 的轉換必須是縮小轉換
C:\Users\CCY02\Desktop\workplace\image_processing\image_processing\image_processing\MyForm.h(1491,24): warning C4244: '正在初始化': 將 'int' 轉換為 'float'，由於類型不同，可能導致資料遺失
C:\Users\CCY02\Desktop\workplace\image_processing\image_processing\image_processing\MyForm.h(1491,78): warning C4838: 從 'int' 到 'float' 的轉換必須是縮小轉換
C:\Users\CCY02\Desktop\workplace\image_processing\image_processing\image_processing\MyForm.h(1491,78): warning C4244: '正在初始化': 將 'int' 轉換為 'float'，由於類型不同，可能導致資料遺失
C:\Users\CCY02\Desktop\workplace\image_processing\image_processing\image_processing\MyForm.h(1491,115): warning C4838: 從 'int' 到 'float' 的轉換必須是縮小轉換
C:\Users\CCY02\Desktop\workplace\image_processing\image_processing\image_processing\MyForm.h(1491,115): warning C4244: '正在初始化': 將 'int' 轉換為 'float'，由於類型不同，可能導致資料遺失
C:\Users\CCY02\Desktop\workplace\image_processing\image_processing\image_processing\MyForm.h(1491,135): warning C4838: 從 'int' 到 'float' 的轉換必須是縮小轉換
C:\Users\CCY02\Desktop\workplace\image_processing\image_processing\image_processing\MyForm.h(1491,135): warning C4244: '正在初始化': 將 'int' 轉換為 'float'，由於類型不同，可能導致資料遺失
C:\Users\CCY02\Desktop\workplace\image_processing\image_processing\image_processing\MyForm.h(1492,19): warning C4838: 從 'int' 到 'float' 的轉換必須是縮小轉換
C:\Users\CCY02\Desktop\workplace\image_processing\image_processing\image_processing\MyForm.h(1492,19): warning C4244: '正在初始化': 將 'int' 轉換為 'float'，由於類型不同，可能導致資料遺失
C:\Users\CCY02\Desktop\workplace\image_processing\image_processing\image_processing\MyForm.h(1492,38): warning C4838: 從 'int' 到 'float' 的轉換必須是縮小轉換
C:\Users\CCY02\Desktop\workplace\image_processing\image_processing\image_processing\MyForm.h(1492,38): warning C4244: '正在初始化': 將 'int' 轉換為 'float'，由於類型不同，可能導致資料遺失
C:\Users\CCY02\Desktop\workplace\image_processing\image_processing\image_processing\MyForm.h(1492,78): warning C4838: 從 'int' 到 'float' 的轉換必須是縮小轉換
C:\Users\CCY02\Desktop\workplace\image_processing\image_processing\image_processing\MyForm.h(1492,78): warning C4244: '正在初始化': 將 'int' 轉換為 'float'，由於類型不同，可能導致資料遺失
C:\Users\CCY02\Desktop\workplace\image_processing\image_processing\image_processing\MyForm.h(1492,115): warning C4838: 從 'int' 到 'float' 的轉換必須是縮小轉換
C:\Users\CCY02\Desktop\workplace\image_processing\image_processing\image_processing\MyForm.h(1492,115): warning C4244: '正在初始化': 將 'int' 轉換為 'float'，由於類型不同，可能導致資料遺失
C:\Users\CCY02\Desktop\workplace\image_processing\image_processing\image_processing\MyForm.h(1492,135): warning C4838: 從 'int' 到 'float' 的轉換必須是縮小轉換
C:\Users\CCY02\Desktop\workplace\image_processing\image_processing\image_processing\MyForm.h(1492,135): warning C4244: '正在初始化': 將 'int' 轉換為 'float'，由於類型不同，可能導致資料遺失
C:\Users\CCY02\Desktop\workplace\image_processing\image_processing\image_processing\MyForm.h(1494,5): warning C4838: 從 'int' 到 'float' 的轉換必須是縮小轉換
C:\Users\CCY02\Desktop\workplace\image_processing\image_processing\image_processing\MyForm.h(1494,5): warning C4244: '正在初始化': 將 'int' 轉換為 'float'，由於類型不同，可能導致資料遺失
C:\Users\CCY02\Desktop\workplace\image_processing\image_processing\image_processing\MyForm.h(1494,24): warning C4838: 從 'int' 到 'float' 的轉換必須是縮小轉換
C:\Users\CCY02\Desktop\workplace\image_processing\image_processing\image_processing\MyForm.h(1494,24): warning C4244: '正在初始化': 將 'int' 轉換為 'float'，由於類型不同，可能導致資料遺失
C:\Users\CCY02\Desktop\workplace\image_processing\image_processing\image_processing\MyForm.h(1494,78): warning C4838: 從 'int' 到 'float' 的轉換必須是縮小轉換
C:\Users\CCY02\Desktop\workplace\image_processing\image_processing\image_processing\MyForm.h(1494,78): warning C4244: '正在初始化': 將 'int' 轉換為 'float'，由於類型不同，可能導致資料遺失
C:\Users\CCY02\Desktop\workplace\image_processing\image_processing\image_processing\MyForm.h(1494,115): warning C4838: 從 'int' 到 'float' 的轉換必須是縮小轉換
C:\Users\CCY02\Desktop\workplace\image_processing\image_processing\image_processing\MyForm.h(1494,115): warning C4244: '正在初始化': 將 'int' 轉換為 'float'，由於類型不同，可能導致資料遺失
C:\Users\CCY02\Desktop\workplace\image_processing\image_processing\image_processing\MyForm.h(1494,135): warning C4838: 從 'int' 到 'float' 的轉換必須是縮小轉換
C:\Users\CCY02\Desktop\workplace\image_processing\image_processing\image_processing\MyForm.h(1494,135): warning C4244: '正在初始化': 將 'int' 轉換為 'float'，由於類型不同，可能導致資料遺失
C:\Users\CCY02\Desktop\workplace\image_processing\image_processing\image_processing\MyForm.h(1495,19): warning C4838: 從 'int' 到 'float' 的轉換必須是縮小轉換
C:\Users\CCY02\Desktop\workplace\image_processing\image_processing\image_processing\MyForm.h(1495,19): warning C4244: '正在初始化': 將 'int' 轉換為 'float'，由於類型不同，可能導致資料遺失
C:\Users\CCY02\Desktop\workplace\image_processing\image_processing\image_processing\MyForm.h(1495,38): warning C4838: 從 'int' 到 'float' 的轉換必須是縮小轉換
C:\Users\CCY02\Desktop\workplace\image_processing\image_processing\image_processing\MyForm.h(1495,38): warning C4244: '正在初始化': 將 'int' 轉換為 'float'，由於類型不同，可能導致資料遺失
C:\Users\CCY02\Desktop\workplace\image_processing\image_processing\image_processing\MyForm.h(1495,78): warning C4838: 從 'int' 到 'float' 的轉換必須是縮小轉換
C:\Users\CCY02\Desktop\workplace\image_processing\image_processing\image_processing\MyForm.h(1495,78): warning C4244: '正在初始化': 將 'int' 轉換為 'float'，由於類型不同，可能導致資料遺失
C:\Users\CCY02\Desktop\workplace\image_processing\image_processing\image_processing\MyForm.h(1495,115): warning C4838: 從 'int' 到 'float' 的轉換必須是縮小轉換
C:\Users\CCY02\Desktop\workplace\image_processing\image_processing\image_processing\MyForm.h(1495,115): warning C4244: '正在初始化': 將 'int' 轉換為 'float'，由於類型不同，可能導致資料遺失
C:\Users\CCY02\Desktop\workplace\image_processing\image_processing\image_processing\MyForm.h(1495,135): warning C4838: 從 'int' 到 'float' 的轉換必須是縮小轉換
C:\Users\CCY02\Desktop\workplace\image_processing\image_processing\image_processing\MyForm.h(1495,135): warning C4244: '正在初始化': 將 'int' 轉換為 'float'，由於類型不同，可能導致資料遺失
C:\Users\CCY02\Desktop\workplace\image_processing\image_processing\image_processing\MyForm.h(1497,5): warning C4838: 從 'int' 到 'float' 的轉換必須是縮小轉換
C:\Users\CCY02\Desktop\workplace\image_processing\image_processing\image_processing\MyForm.h(1497,5): warning C4244: '正在初始化': 將 'int' 轉換為 'float'，由於類型不同，可能導致資料遺失
C:\Users\CCY02\Desktop\workplace\image_processing\image_processing\image_processing\MyForm.h(1497,24): warning C4838: 從 'int' 到 'float' 的轉換必須是縮小轉換
C:\Users\CCY02\Desktop\workplace\image_processing\image_processing\image_processing\MyForm.h(1497,24): warning C4244: '正在初始化': 將 'int' 轉換為 'float'，由於類型不同，可能導致資料遺失
C:\Users\CCY02\Desktop\workplace\image_processing\image_processing\image_processing\MyForm.h(1497,78): warning C4838: 從 'int' 到 'float' 的轉換必須是縮小轉換
C:\Users\CCY02\Desktop\workplace\image_processing\image_processing\image_processing\MyForm.h(1497,78): warning C4244: '正在初始化': 將 'int' 轉換為 'float'，由於類型不同，可能導致資料遺失
C:\Users\CCY02\Desktop\workplace\image_processing\image_processing\image_processing\MyForm.h(1497,115): warning C4838: 從 'int' 到 'float' 的轉換必須是縮小轉換
C:\Users\CCY02\Desktop\workplace\image_processing\image_processing\image_processing\MyForm.h(1497,115): warning C4244: '正在初始化': 將 'int' 轉換為 'float'，由於類型不同，可能導致資料遺失
C:\Users\CCY02\Desktop\workplace\image_processing\image_processing\image_processing\MyForm.h(1497,135): warning C4838: 從 'int' 到 'float' 的轉換必須是縮小轉換
C:\Users\CCY02\Desktop\workplace\image_processing\image_processing\image_processing\MyForm.h(1497,135): warning C4244: '正在初始化': 將 'int' 轉換為 'float'，由於類型不同，可能導致資料遺失
C:\Users\CCY02\Desktop\workplace\image_processing\image_processing\image_processing\MyForm.h(1498,19): warning C4838: 從 'int' 到 'float' 的轉換必須是縮小轉換
C:\Users\CCY02\Desktop\workplace\image_processing\image_processing\image_processing\MyForm.h(1498,19): warning C4244: '正在初始化': 將 'int' 轉換為 'float'，由於類型不同，可能導致資料遺失
C:\Users\CCY02\Desktop\workplace\image_processing\image_processing\image_processing\MyForm.h(1498,38): warning C4838: 從 'int' 到 'float' 的轉換必須是縮小轉換
C:\Users\CCY02\Desktop\workplace\image_processing\image_processing\image_processing\MyForm.h(1498,38): warning C4244: '正在初始化': 將 'int' 轉換為 'float'，由於類型不同，可能導致資料遺失
C:\Users\CCY02\Desktop\workplace\image_processing\image_processing\image_processing\MyForm.h(1498,78): warning C4838: 從 'int' 到 'float' 的轉換必須是縮小轉換
C:\Users\CCY02\Desktop\workplace\image_processing\image_processing\image_processing\MyForm.h(1498,78): warning C4244: '正在初始化': 將 'int' 轉換為 'float'，由於類型不同，可能導致資料遺失
C:\Users\CCY02\Desktop\workplace\image_processing\image_processing\image_processing\MyForm.h(1498,115): warning C4838: 從 'int' 到 'float' 的轉換必須是縮小轉換
C:\Users\CCY02\Desktop\workplace\image_processing\image_processing\image_processing\MyForm.h(1498,115): warning C4244: '正在初始化': 將 'int' 轉換為 'float'，由於類型不同，可能導致資料遺失
C:\Users\CCY02\Desktop\workplace\image_processing\image_processing\image_processing\MyForm.h(1498,135): warning C4838: 從 'int' 到 'float' 的轉換必須是縮小轉換
C:\Users\CCY02\Desktop\workplace\image_processing\image_processing\image_processing\MyForm.h(1498,135): warning C4244: '正在初始化': 將 'int' 轉換為 'float'，由於類型不同，可能導致資料遺失
C:\Users\CCY02\Desktop\workplace\image_processing\image_processing\image_processing\MyForm.h(1500,5): warning C4838: 從 'int' 到 'float' 的轉換必須是縮小轉換
C:\Users\CCY02\Desktop\workplace\image_processing\image_processing\image_processing\MyForm.h(1500,5): warning C4244: '正在初始化': 將 'int' 轉換為 'float'，由於類型不同，可能導致資料遺失
C:\Users\CCY02\Desktop\workplace\image_processing\image_processing\image_processing\MyForm.h(1500,24): warning C4838: 從 'int' 到 'float' 的轉換必須是縮小轉換
C:\Users\CCY02\Desktop\workplace\image_processing\image_processing\image_processing\MyForm.h(1500,24): warning C4244: '正在初始化': 將 'int' 轉換為 'float'，由於類型不同，可能導致資料遺失
C:\Users\CCY02\Desktop\workplace\image_processing\image_processing\image_processing\MyForm.h(1500,78): warning C4838: 從 'int' 到 'float' 的轉換必須是縮小轉換
C:\Users\CCY02\Desktop\workplace\image_processing\image_processing\image_processing\MyForm.h(1500,78): warning C4244: '正在初始化': 將 'int' 轉換為 'float'，由於類型不同，可能導致資料遺失
C:\Users\CCY02\Desktop\workplace\image_processing\image_processing\image_processing\MyForm.h(1500,115): warning C4838: 從 'int' 到 'float' 的轉換必須是縮小轉換
C:\Users\CCY02\Desktop\workplace\image_processing\image_processing\image_processing\MyForm.h(1500,115): warning C4244: '正在初始化': 將 'int' 轉換為 'float'，由於類型不同，可能導致資料遺失
C:\Users\CCY02\Desktop\workplace\image_processing\image_processing\image_processing\MyForm.h(1500,135): warning C4838: 從 'int' 到 'float' 的轉換必須是縮小轉換
C:\Users\CCY02\Desktop\workplace\image_processing\image_processing\image_processing\MyForm.h(1500,135): warning C4244: '正在初始化': 將 'int' 轉換為 'float'，由於類型不同，可能導致資料遺失
C:\Users\CCY02\Desktop\workplace\image_processing\image_processing\image_processing\MyForm.h(1501,19): warning C4838: 從 'int' 到 'float' 的轉換必須是縮小轉換
C:\Users\CCY02\Desktop\workplace\image_processing\image_processing\image_processing\MyForm.h(1501,19): warning C4244: '正在初始化': 將 'int' 轉換為 'float'，由於類型不同，可能導致資料遺失
C:\Users\CCY02\Desktop\workplace\image_processing\image_processing\image_processing\MyForm.h(1501,38): warning C4838: 從 'int' 到 'float' 的轉換必須是縮小轉換
C:\Users\CCY02\Desktop\workplace\image_processing\image_processing\image_processing\MyForm.h(1501,38): warning C4244: '正在初始化': 將 'int' 轉換為 'float'，由於類型不同，可能導致資料遺失
C:\Users\CCY02\Desktop\workplace\image_processing\image_processing\image_processing\MyForm.h(1501,78): warning C4838: 從 'int' 到 'float' 的轉換必須是縮小轉換
C:\Users\CCY02\Desktop\workplace\image_processing\image_processing\image_processing\MyForm.h(1501,78): warning C4244: '正在初始化': 將 'int' 轉換為 'float'，由於類型不同，可能導致資料遺失
C:\Users\CCY02\Desktop\workplace\image_processing\image_processing\image_processing\MyForm.h(1501,115): warning C4838: 從 'int' 到 'float' 的轉換必須是縮小轉換
C:\Users\CCY02\Desktop\workplace\image_processing\image_processing\image_processing\MyForm.h(1501,115): warning C4244: '正在初始化': 將 'int' 轉換為 'float'，由於類型不同，可能導致資料遺失
C:\Users\CCY02\Desktop\workplace\image_processing\image_processing\image_processing\MyForm.h(1501,135): warning C4838: 從 'int' 到 'float' 的轉換必須是縮小轉換
C:\Users\CCY02\Desktop\workplace\image_processing\image_processing\image_processing\MyForm.h(1501,135): warning C4244: '正在初始化': 將 'int' 轉換為 'float'，由於類型不同，可能導致資料遺失
C:\Users\CCY02\Desktop\workplace\image_processing\image_processing\image_processing\MyForm.h(1538,17): warning C4244: '正在初始化': 將 'float' 轉換為 'int'，由於類型不同，可能導致資料遺失
C:\Users\CCY02\Desktop\workplace\image_processing\image_processing\image_processing\MyForm.h(1539,17): warning C4244: '正在初始化': 將 'float' 轉換為 'int'，由於類型不同，可能導致資料遺失
C:\Users\CCY02\Desktop\workplace\image_processing\image_processing\image_processing\MyForm.h(1576,25): warning C4244: '正在初始化': 將 'int' 轉換為 'float'，由於類型不同，可能導致資料遺失
  MyForm.obj : 發現 MSIL 模組。MSIL 的累加連結已停用。正在執行完整連結
  image_processing.vcxproj -> C:\Users\CCY02\Desktop\workplace\image_processing\image_processing\Debug\image_processing.exe
